<?xml version="1.0" encoding="UTF-8"?>
<!-- Generated by org.testng.reporters.JUnitXMLReporter -->
<testsuite ignored="1" hostname="DESKTOP-K5JN5AK" failures="1" tests="11" name="parameter test" time="0.086" errors="0" timestamp="2022-09-21T06:46:00 PDT">
  <testcase classname="testNG.Groups_Parameter" name="palyer1" time="0.012"/>
  <testcase classname="testNG.Groups_Parameter" name="palyer10" time="0.002"/>
  <testcase classname="testNG.Groups_Parameter" name="palyer11" time="0.002"/>
  <testcase classname="testNG.Groups_Parameter" name="palyer2" time="0.002"/>
  <testcase classname="testNG.Groups_Parameter" name="palyer3" time="0.001"/>
  <testcase classname="testNG.Groups_Parameter" name="palyer4" time="0.001"/>
  <testcase classname="testNG.Groups_Parameter" name="palyer5" time="0.002"/>
  <testcase classname="testNG.Groups_Parameter" name="palyer6" time="0.0"/>
  <testcase classname="testNG.Groups_Parameter" name="palyer7" time="0.001"/>
  <testcase classname="testNG.Groups_Parameter" name="palyer8" time="0.003"/>
  <testcase classname="testNG.Groups_Parameter" name="palyer9" time="0.0">
    <failure type="org.testng.TestNGException" message="
Parameter &amp;apos;batsman&amp;apos; is required by @Test on method palyer9 but has not been marked @Optional or defined
in C:\Users\SATHISH\eclipse-workspace\selenium\NewFile.xml">
      <![CDATA[org.testng.TestNGException: 
Parameter 'batsman' is required by @Test on method palyer9 but has not been marked @Optional or defined
in C:\Users\SATHISH\eclipse-workspace\selenium\NewFile.xml
at java.base/java.util.ArrayList.forEach(ArrayList.java:1511)
... Removed 26 stack frames]]>
    </failure>
  </testcase> <!-- palyer9 -->
  <testcase classname="testNG.Groups_Parameter" name="palyer12" time="0.0">
    <ignored/>
  </testcase> <!-- palyer12 -->
</testsuite> <!-- parameter test -->
