<?xml version="1.0" encoding="UTF-8"?>
<!-- Generated by org.testng.reporters.JUnitReportReporter -->
<testsuite hostname="DESKTOP-K5JN5AK" failures="0" tests="11" name="testNG.Groups_Parameter" time="0.026" errors="1" timestamp="2022-09-21T06:46:00 PDT" skipped="0">
  <testcase classname="testNG.Groups_Parameter" name="palyer5" time="0.002"/>
  <system-out/>
  <testcase classname="testNG.Groups_Parameter" name="palyer8" time="0.003"/>
  <system-out/>
  <testcase classname="testNG.Groups_Parameter" name="palyer3" time="0.001"/>
  <system-out/>
  <testcase classname="testNG.Groups_Parameter" name="palyer11" time="0.002"/>
  <system-out/>
  <testcase classname="testNG.Groups_Parameter" name="palyer9" time="0.000">
    <error message="
Parameter &#039;batsman&#039; is required by @Test on method palyer9 but has not been marked @Optional or defined
in C:\Users\SATHISH\eclipse-workspace\selenium\NewFile.xml" type="org.testng.TestNGException">
      <![CDATA[org.testng.TestNGException: 
Parameter 'batsman' is required by @Test on method palyer9 but has not been marked @Optional or defined
in C:\Users\SATHISH\eclipse-workspace\selenium\NewFile.xml
at org.testng.internal.Parameters.createParams(Parameters.java:270)
at org.testng.internal.Parameters.createParametersForMethod(Parameters.java:358)
at org.testng.internal.Parameters.createParameters(Parameters.java:700)
at org.testng.internal.Parameters.handleParameters(Parameters.java:884)
at org.testng.internal.Parameters.handleParameters(Parameters.java:740)
at org.testng.internal.ParameterHandler.handleParameters(ParameterHandler.java:59)
at org.testng.internal.ParameterHandler.createParameters(ParameterHandler.java:38)
at org.testng.internal.TestInvoker$MethodInvocationAgent.invoke(TestInvoker.java:791)
at org.testng.internal.TestInvoker.invokeTestMethods(TestInvoker.java:146)
at org.testng.internal.TestMethodWorker.invokeTestMethods(TestMethodWorker.java:146)
at org.testng.internal.TestMethodWorker.run(TestMethodWorker.java:128)
at java.base/java.util.ArrayList.forEach(ArrayList.java:1511)
at org.testng.TestRunner.privateRun(TestRunner.java:794)
at org.testng.TestRunner.run(TestRunner.java:596)
at org.testng.SuiteRunner.runTest(SuiteRunner.java:377)
at org.testng.SuiteRunner.runSequentially(SuiteRunner.java:371)
at org.testng.SuiteRunner.privateRun(SuiteRunner.java:332)
at org.testng.SuiteRunner.run(SuiteRunner.java:276)
at org.testng.SuiteRunnerWorker.runSuite(SuiteRunnerWorker.java:53)
at org.testng.SuiteRunnerWorker.run(SuiteRunnerWorker.java:96)
at org.testng.TestNG.runSuitesSequentially(TestNG.java:1212)
at org.testng.TestNG.runSuitesLocally(TestNG.java:1134)
at org.testng.TestNG.runSuites(TestNG.java:1063)
at org.testng.TestNG.run(TestNG.java:1031)
at org.testng.remote.AbstractRemoteTestNG.run(AbstractRemoteTestNG.java:115)
at org.testng.remote.RemoteTestNG.initAndRun(RemoteTestNG.java:251)
at org.testng.remote.RemoteTestNG.main(RemoteTestNG.java:77)
]]>
    </error>
  </testcase> <!-- palyer9 -->
  <system-out/>
  <testcase classname="testNG.Groups_Parameter" name="palyer1" time="0.012"/>
  <system-out/>
  <testcase classname="testNG.Groups_Parameter" name="palyer10" time="0.002"/>
  <system-out/>
  <testcase classname="testNG.Groups_Parameter" name="palyer6" time="0.000"/>
  <system-out/>
  <testcase classname="testNG.Groups_Parameter" name="palyer2" time="0.002"/>
  <system-out/>
  <testcase classname="testNG.Groups_Parameter" name="palyer4" time="0.001"/>
  <system-out/>
  <testcase classname="testNG.Groups_Parameter" name="palyer7" time="0.001"/>
  <system-out/>
</testsuite> <!-- testNG.Groups_Parameter -->
